# JRE version: OpenJDK Runtime Environment Temurin-21.0.8+9 (21.0.8+9) (build 21.0.8+9-LTS)
# Java VM: OpenJDK 64-Bit Server VM Temurin-21.0.8+9 (21.0.8+9-LTS, mixed mode, sharing, tiered, compressed oops, compressed class ptrs, parallel gc, windows-amd64)
GC Precious Log:
 CardTable entry size: 512
 CPUs: 12 total, 12 available
 Memory: 7562M
 Large Page Support: Disabled
 NUMA Support: Disabled
 Compressed Oops: Enabled (32-bit)
 Alignments: Space 512K, Generation 512K, Heap 2M
 Heap Min Capacity: 100M
 Heap Initial Capacity: 100M
 Heap Max Capacity: 2G
 Pre-touch: Disabled
 Parallel Workers: 10
Heap:
 PSYoungGen      total 13312K, used 13009K [0x00000000d5580000, 0x00000000d6a00000, 0x0000000100000000)
  eden space 7680K, 96% used [0x00000000d5580000,0x00000000d5cb46b8,0x00000000d5d00000)
  from space 5632K, 100% used [0x00000000d6000000,0x00000000d6580000,0x00000000d6580000)
  to   space 4608K, 0% used [0x00000000d6580000,0x00000000d6580000,0x00000000d6a00000)
 ParOldGen       total 388608K, used 388315K [0x0000000080000000, 0x0000000097b80000, 0x00000000d5580000)
  object space 388608K, 99% used [0x0000000080000000,0x0000000097b36f28,0x0000000097b80000)
 Metaspace       used 74716K, committed 76224K, reserved 1179648K
  class space    used 8346K, committed 9024K, reserved 1048576K
GC Heap History (20 events):
Event: 97.398 GC heap before
{Heap before GC invocations=411 (full 3):
 PSYoungGen      total 5120K, used 5120K [0x00000000d5580000, 0x00000000d6280000, 0x0000000100000000)
  eden space 2560K, 100% used [0x00000000d5580000,0x00000000d5800000,0x00000000d5800000)
  from space 2560K, 100% used [0x00000000d5800000,0x00000000d5a80000,0x00000000d5a80000)
  to   space 5120K, 0% used [0x00000000d5d80000,0x00000000d5d80000,0x00000000d6280000)
 ParOldGen       total 347648K, used 347308K [0x0000000080000000, 0x0000000095380000, 0x00000000d5580000)
  object space 347648K, 99% used [0x0000000080000000,0x000000009532b0e8,0x0000000095380000)
 Metaspace       used 74676K, committed 76224K, reserved 1179648K
  class space    used 8342K, committed 9024K, reserved 1048576K
}
Event: 97.403 GC heap after
{Heap after GC invocations=411 (full 3):
 PSYoungGen      total 6144K, used 2656K [0x00000000d5580000, 0x00000000d6080000, 0x0000000100000000)
  eden space 3072K, 0% used [0x00000000d5580000,0x00000000d5580000,0x00000000d5880000)
  from space 3072K, 86% used [0x00000000d5d80000,0x00000000d6018000,0x00000000d6080000)
  to   space 3584K, 0% used [0x00000000d5980000,0x00000000d5980000,0x00000000d5d00000)
 ParOldGen       total 350208K, used 349876K [0x0000000080000000, 0x0000000095600000, 0x00000000d5580000)
  object space 350208K, 99% used [0x0000000080000000,0x00000000955ad0e8,0x0000000095600000)
 Metaspace       used 74676K, committed 76224K, reserved 1179648K
  class space    used 8342K, committed 9024K, reserved 1048576K
}
Event: 97.416 GC heap before
{Heap before GC invocations=412 (full 3):
 PSYoungGen      total 6144K, used 5728K [0x00000000d5580000, 0x00000000d6080000, 0x0000000100000000)
  eden space 3072K, 100% used [0x00000000d5580000,0x00000000d5880000,0x00000000d5880000)
  from space 3072K, 86% used [0x00000000d5d80000,0x00000000d6018000,0x00000000d6080000)
  to   space 3584K, 0% used [0x00000000d5980000,0x00000000d5980000,0x00000000d5d00000)
 ParOldGen       total 350208K, used 349876K [0x0000000080000000, 0x0000000095600000, 0x00000000d5580000)
  object space 350208K, 99% used [0x0000000080000000,0x00000000955ad0e8,0x0000000095600000)
 Metaspace       used 74676K, committed 76224K, reserved 1179648K
  class space    used 8342K, committed 9024K, reserved 1048576K
}
Event: 97.424 GC heap after
{Heap after GC invocations=412 (full 3):
 PSYoungGen      total 7680K, used 3232K [0x00000000d5580000, 0x00000000d6080000, 0x0000000100000000)
  eden space 4096K, 0% used [0x00000000d5580000,0x00000000d5580000,0x00000000d5980000)
  from space 3584K, 90% used [0x00000000d5980000,0x00000000d5ca8000,0x00000000d5d00000)
  to   space 3584K, 0% used [0x00000000d5d00000,0x00000000d5d00000,0x00000000d6080000)
 ParOldGen       total 352768K, used 352452K [0x0000000080000000, 0x0000000095880000, 0x00000000d5580000)
  object space 352768K, 99% used [0x0000000080000000,0x00000000958310e8,0x0000000095880000)
 Metaspace       used 74676K, committed 76224K, reserved 1179648K
  class space    used 8342K, committed 9024K, reserved 1048576K
}
Event: 97.575 GC heap before
{Heap before GC invocations=413 (full 3):
 PSYoungGen      total 7680K, used 6963K [0x00000000d5580000, 0x00000000d6080000, 0x0000000100000000)
  eden space 4096K, 91% used [0x00000000d5580000,0x00000000d5924fb0,0x00000000d5980000)
  from space 3584K, 90% used [0x00000000d5980000,0x00000000d5ca8000,0x00000000d5d00000)
  to   space 3584K, 0% used [0x00000000d5d00000,0x00000000d5d00000,0x00000000d6080000)
 ParOldGen       total 352768K, used 352452K [0x0000000080000000, 0x0000000095880000, 0x00000000d5580000)
  object space 352768K, 99% used [0x0000000080000000,0x00000000958310e8,0x0000000095880000)
 Metaspace       used 74676K, committed 76224K, reserved 1179648K
  class space    used 8342K, committed 9024K, reserved 1048576K
}
Event: 97.579 GC heap after
{Heap after GC invocations=413 (full 3):
 PSYoungGen      total 7680K, used 3259K [0x00000000d5580000, 0x00000000d6180000, 0x0000000100000000)
  eden space 4096K, 0% used [0x00000000d5580000,0x00000000d5580000,0x00000000d5980000)
  from space 3584K, 90% used [0x00000000d5d00000,0x00000000d602ec00,0x00000000d6080000)
  to   space 3584K, 0% used [0x00000000d5980000,0x00000000d5980000,0x00000000d5d00000)
 ParOldGen       total 355840K, used 355564K [0x0000000080000000, 0x0000000095b80000, 0x00000000d5580000)
  object space 355840K, 99% used [0x0000000080000000,0x0000000095b3b0e8,0x0000000095b80000)
 Metaspace       used 74676K, committed 76224K, reserved 1179648K
  class space    used 8342K, committed 9024K, reserved 1048576K
}
Event: 97.635 GC heap before
{Heap before GC invocations=414 (full 3):
 PSYoungGen      total 7680K, used 6198K [0x00000000d5580000, 0x00000000d6180000, 0x0000000100000000)
  eden space 4096K, 71% used [0x00000000d5580000,0x00000000d585ec10,0x00000000d5980000)
  from space 3584K, 90% used [0x00000000d5d00000,0x00000000d602ec00,0x00000000d6080000)
  to   space 3584K, 0% used [0x00000000d5980000,0x00000000d5980000,0x00000000d5d00000)
 ParOldGen       total 355840K, used 355564K [0x0000000080000000, 0x0000000095b80000, 0x00000000d5580000)
  object space 355840K, 99% used [0x0000000080000000,0x0000000095b3b0e8,0x0000000095b80000)
 Metaspace       used 74676K, committed 76224K, reserved 1179648K
  class space    used 8342K, committed 9024K, reserved 1048576K
}
Event: 97.639 GC heap after
{Heap after GC invocations=414 (full 3):
 PSYoungGen      total 7680K, used 3064K [0x00000000d5580000, 0x00000000d6180000, 0x0000000100000000)
  eden space 4096K, 0% used [0x00000000d5580000,0x00000000d5580000,0x00000000d5980000)
  from space 3584K, 85% used [0x00000000d5980000,0x00000000d5c7e200,0x00000000d5d00000)
  to   space 3584K, 0% used [0x00000000d5e00000,0x00000000d5e00000,0x00000000d6180000)
 ParOldGen       total 358400K, used 358073K [0x0000000080000000, 0x0000000095e00000, 0x00000000d5580000)
  object space 358400K, 99% used [0x0000000080000000,0x0000000095dae6e8,0x0000000095e00000)
 Metaspace       used 74676K, committed 76224K, reserved 1179648K
  class space    used 8342K, committed 9024K, reserved 1048576K
}
Event: 97.923 GC heap before
{Heap before GC invocations=415 (full 3):
 PSYoungGen      total 7680K, used 6840K [0x00000000d5580000, 0x00000000d6180000, 0x0000000100000000)
  eden space 4096K, 92% used [0x00000000d5580000,0x00000000d5930070,0x00000000d5980000)
  from space 3584K, 85% used [0x00000000d5980000,0x00000000d5c7e200,0x00000000d5d00000)
  to   space 3584K, 0% used [0x00000000d5e00000,0x00000000d5e00000,0x00000000d6180000)
 ParOldGen       total 363520K, used 362917K [0x0000000080000000, 0x0000000096300000, 0x00000000d5580000)
  object space 363520K, 99% used [0x0000000080000000,0x00000000962696e8,0x0000000096300000)
 Metaspace       used 74676K, committed 76224K, reserved 1179648K
  class space    used 8342K, committed 9024K, reserved 1048576K
}
Event: 97.929 GC heap after
{Heap after GC invocations=415 (full 3):
 PSYoungGen      total 7168K, used 2624K [0x00000000d5580000, 0x00000000d6100000, 0x0000000100000000)
  eden space 4096K, 0% used [0x00000000d5580000,0x00000000d5580000,0x00000000d5980000)
  from space 3072K, 85% used [0x00000000d5e00000,0x00000000d6090000,0x00000000d6100000)
  to   space 3072K, 0% used [0x00000000d5b00000,0x00000000d5b00000,0x00000000d5e00000)
 ParOldGen       total 364032K, used 364021K [0x0000000080000000, 0x0000000096380000, 0x00000000d5580000)
  object space 364032K, 99% used [0x0000000080000000,0x000000009637d6e8,0x0000000096380000)
 Metaspace       used 74676K, committed 76224K, reserved 1179648K
  class space    used 8342K, committed 9024K, reserved 1048576K
}
Event: 97.936 GC heap before
{Heap before GC invocations=416 (full 3):
 PSYoungGen      total 7168K, used 6720K [0x00000000d5580000, 0x00000000d6100000, 0x0000000100000000)
  eden space 4096K, 100% used [0x00000000d5580000,0x00000000d5980000,0x00000000d5980000)
  from space 3072K, 85% used [0x00000000d5e00000,0x00000000d6090000,0x00000000d6100000)
  to   space 3072K, 0% used [0x00000000d5b00000,0x00000000d5b00000,0x00000000d5e00000)
 ParOldGen       total 364032K, used 364021K [0x0000000080000000, 0x0000000096380000, 0x00000000d5580000)
  object space 364032K, 99% used [0x0000000080000000,0x000000009637d6e8,0x0000000096380000)
 Metaspace       used 74676K, committed 76224K, reserved 1179648K
  class space    used 8342K, committed 9024K, reserved 1048576K
}
Event: 97.942 GC heap after
{Heap after GC invocations=416 (full 3):
 PSYoungGen      total 8192K, used 3062K [0x00000000d5580000, 0x00000000d6980000, 0x0000000100000000)
  eden space 5120K, 0% used [0x00000000d5580000,0x00000000d5580000,0x00000000d5a80000)
  from space 3072K, 99% used [0x00000000d5b00000,0x00000000d5dfd840,0x00000000d5e00000)
  to   space 7680K, 0% used [0x00000000d6200000,0x00000000d6200000,0x00000000d6980000)
 ParOldGen       total 367616K, used 367589K [0x0000000080000000, 0x0000000096700000, 0x00000000d5580000)
  object space 367616K, 99% used [0x0000000080000000,0x00000000966f96e8,0x0000000096700000)
 Metaspace       used 74676K, committed 76224K, reserved 1179648K
  class space    used 8342K, committed 9024K, reserved 1048576K
}
Event: 97.960 GC heap before
{Heap before GC invocations=417 (full 3):
 PSYoungGen      total 8192K, used 8182K [0x00000000d5580000, 0x00000000d6980000, 0x0000000100000000)
  eden space 5120K, 100% used [0x00000000d5580000,0x00000000d5a80000,0x00000000d5a80000)
  from space 3072K, 99% used [0x00000000d5b00000,0x00000000d5dfd840,0x00000000d5e00000)
  to   space 7680K, 0% used [0x00000000d6200000,0x00000000d6200000,0x00000000d6980000)
 ParOldGen       total 367616K, used 367589K [0x0000000080000000, 0x0000000096700000, 0x00000000d5580000)
  object space 367616K, 99% used [0x0000000080000000,0x00000000966f96e8,0x0000000096700000)
 Metaspace       used 74676K, committed 76224K, reserved 1179648K
  class space    used 8342K, committed 9024K, reserved 1048576K
}
Event: 97.966 GC heap after
{Heap after GC invocations=417 (full 3):
 PSYoungGen      total 11776K, used 5280K [0x00000000d5580000, 0x00000000d6780000, 0x0000000100000000)
  eden space 6144K, 0% used [0x00000000d5580000,0x00000000d5580000,0x00000000d5b80000)
  from space 5632K, 93% used [0x00000000d6200000,0x00000000d6728000,0x00000000d6780000)
  to   space 6144K, 0% used [0x00000000d5b80000,0x00000000d5b80000,0x00000000d6180000)
 ParOldGen       total 371200K, used 370707K [0x0000000080000000, 0x0000000096a80000, 0x00000000d5580000)
  object space 371200K, 99% used [0x0000000080000000,0x0000000096a04f28,0x0000000096a80000)
 Metaspace       used 74676K, committed 76224K, reserved 1179648K
  class space    used 8342K, committed 9024K, reserved 1048576K
}
Event: 97.987 GC heap before
{Heap before GC invocations=418 (full 3):
 PSYoungGen      total 11776K, used 11424K [0x00000000d5580000, 0x00000000d6780000, 0x0000000100000000)
  eden space 6144K, 100% used [0x00000000d5580000,0x00000000d5b80000,0x00000000d5b80000)
  from space 5632K, 93% used [0x00000000d6200000,0x00000000d6728000,0x00000000d6780000)
  to   space 6144K, 0% used [0x00000000d5b80000,0x00000000d5b80000,0x00000000d6180000)
 ParOldGen       total 371200K, used 370707K [0x0000000080000000, 0x0000000096a80000, 0x00000000d5580000)
  object space 371200K, 99% used [0x0000000080000000,0x0000000096a04f28,0x0000000096a80000)
 Metaspace       used 74676K, committed 76224K, reserved 1179648K
  class space    used 8342K, committed 9024K, reserved 1048576K
}
Event: 97.993 GC heap after
{Heap after GC invocations=418 (full 3):
 PSYoungGen      total 12288K, used 6144K [0x00000000d5580000, 0x00000000d7600000, 0x0000000100000000)
  eden space 6144K, 0% used [0x00000000d5580000,0x00000000d5580000,0x00000000d5b80000)
  from space 6144K, 100% used [0x00000000d5b80000,0x00000000d6180000,0x00000000d6180000)
  to   space 12800K, 0% used [0x00000000d6980000,0x00000000d6980000,0x00000000d7600000)
 ParOldGen       total 376320K, used 375939K [0x0000000080000000, 0x0000000096f80000, 0x00000000d5580000)
  object space 376320K, 99% used [0x0000000080000000,0x0000000096f20f28,0x0000000096f80000)
 Metaspace       used 74676K, committed 76224K, reserved 1179648K
  class space    used 8342K, committed 9024K, reserved 1048576K
}
Event: 98.021 GC heap before
{Heap before GC invocations=419 (full 3):
 PSYoungGen      total 12288K, used 12288K [0x00000000d5580000, 0x00000000d7600000, 0x0000000100000000)
  eden space 6144K, 100% used [0x00000000d5580000,0x00000000d5b80000,0x00000000d5b80000)
  from space 6144K, 100% used [0x00000000d5b80000,0x00000000d6180000,0x00000000d6180000)
  to   space 12800K, 0% used [0x00000000d6980000,0x00000000d6980000,0x00000000d7600000)
 ParOldGen       total 376320K, used 375939K [0x0000000080000000, 0x0000000096f80000, 0x00000000d5580000)
  object space 376320K, 99% used [0x0000000080000000,0x0000000096f20f28,0x0000000096f80000)
 Metaspace       used 74676K, committed 76224K, reserved 1179648K
  class space    used 8342K, committed 9024K, reserved 1048576K
}
Event: 98.031 GC heap after
{Heap after GC invocations=419 (full 3):
 PSYoungGen      total 14336K, used 6272K [0x00000000d5580000, 0x00000000d7000000, 0x0000000100000000)
  eden space 7680K, 0% used [0x00000000d5580000,0x00000000d5580000,0x00000000d5d00000)
  from space 6656K, 94% used [0x00000000d6980000,0x00000000d6fa0000,0x00000000d7000000)
  to   space 8192K, 0% used [0x00000000d6000000,0x00000000d6000000,0x00000000d6800000)
 ParOldGen       total 382464K, used 382123K [0x0000000080000000, 0x0000000097580000, 0x00000000d5580000)
  object space 382464K, 99% used [0x0000000080000000,0x000000009752af28,0x0000000097580000)
 Metaspace       used 74676K, committed 76224K, reserved 1179648K
  class space    used 8342K, committed 9024K, reserved 1048576K
}
Event: 98.253 GC heap before
{Heap before GC invocations=420 (full 3):
 PSYoungGen      total 14336K, used 13309K [0x00000000d5580000, 0x00000000d7000000, 0x0000000100000000)
  eden space 7680K, 91% used [0x00000000d5580000,0x00000000d5c5f600,0x00000000d5d00000)
  from space 6656K, 94% used [0x00000000d6980000,0x00000000d6fa0000,0x00000000d7000000)
  to   space 8192K, 0% used [0x00000000d6000000,0x00000000d6000000,0x00000000d6800000)
 ParOldGen       total 382464K, used 382123K [0x0000000080000000, 0x0000000097580000, 0x00000000d5580000)
  object space 382464K, 99% used [0x0000000080000000,0x000000009752af28,0x0000000097580000)
 Metaspace       used 74676K, committed 76224K, reserved 1179648K
  class space    used 8342K, committed 9024K, reserved 1048576K
}
Event: 98.262 GC heap after
{Heap after GC invocations=420 (full 3):
 PSYoungGen      total 13312K, used 5632K [0x00000000d5580000, 0x00000000d6a00000, 0x0000000100000000)
  eden space 7680K, 0% used [0x00000000d5580000,0x00000000d5580000,0x00000000d5d00000)
  from space 5632K, 100% used [0x00000000d6000000,0x00000000d6580000,0x00000000d6580000)
  to   space 4608K, 0% used [0x00000000d6580000,0x00000000d6580000,0x00000000d6a00000)
 ParOldGen       total 388608K, used 388315K [0x0000000080000000, 0x0000000097b80000, 0x00000000d5580000)
  object space 388608K, 99% used [0x0000000080000000,0x0000000097b36f28,0x0000000097b80000)
 Metaspace       used 74676K, committed 76224K, reserved 1179648K
  class space    used 8342K, committed 9024K, reserved 1048576K
}

