# JRE version: OpenJDK Runtime Environment Temurin-17.0.16+8 (17.0.16+8) (build 17.0.16+8)
# Java VM: OpenJDK 64-Bit Server VM Temurin-17.0.16+8 (17.0.16+8, mixed mode, sharing, tiered, compressed oops, compressed class ptrs, g1 gc, windows-amd64)
GC Precious Log:
 CPUs: 12 total, 12 available
 Memory: 7562M
 Large Page Support: Disabled
 NUMA Support: Disabled
 Compressed Oops: Enabled (Zero based)
 Heap Region Size: 2M
 Heap Min Capacity: 8M
 Heap Initial Capacity: 120M
 Heap Max Capacity: 4G
 Pre-touch: Disabled
 Parallel Workers: 10
 Concurrent Workers: 3
 Concurrent Refinement Workers: 10
 Periodic GC: Disabled
Heap:
 garbage-first heap   total 628736K, used 319096K [0x0000000700000000, 0x0000000800000000)
  region size 2048K, 22 young (45056K), 2 survivors (4096K)
 Metaspace       used 159436K, committed 161280K, reserved 1245184K
  class space    used 20588K, committed 21440K, reserved 1048576K
GC Heap History (20 events):
Event: 143.363 GC heap before
{Heap before GC invocations=64 (full 0):
 garbage-first heap   total 389120K, used 327678K [0x0000000700000000, 0x0000000800000000)
  region size 2048K, 3 young (6144K), 2 survivors (4096K)
 Metaspace       used 135295K, committed 136960K, reserved 1179648K
  class space    used 17865K, committed 18688K, reserved 1048576K
}
Event: 143.371 GC heap after
{Heap after GC invocations=65 (full 0):
 garbage-first heap   total 614400K, used 320125K [0x0000000700000000, 0x0000000800000000)
  region size 2048K, 1 young (2048K), 1 survivors (2048K)
 Metaspace       used 135295K, committed 136960K, reserved 1179648K
  class space    used 17865K, committed 18688K, reserved 1048576K
}
Event: 144.384 GC heap before
{Heap before GC invocations=65 (full 0):
 garbage-first heap   total 614400K, used 434813K [0x0000000700000000, 0x0000000800000000)
  region size 2048K, 55 young (112640K), 1 survivors (2048K)
 Metaspace       used 138620K, committed 140224K, reserved 1179648K
  class space    used 18174K, committed 18944K, reserved 1048576K
}
Event: 144.401 GC heap after
{Heap after GC invocations=66 (full 0):
 garbage-first heap   total 614400K, used 332080K [0x0000000700000000, 0x0000000800000000)
  region size 2048K, 6 young (12288K), 6 survivors (12288K)
 Metaspace       used 138620K, committed 140224K, reserved 1179648K
  class space    used 18174K, committed 18944K, reserved 1048576K
}
Event: 146.053 GC heap before
{Heap before GC invocations=66 (full 0):
 garbage-first heap   total 614400K, used 452912K [0x0000000700000000, 0x0000000800000000)
  region size 2048K, 66 young (135168K), 6 survivors (12288K)
 Metaspace       used 141267K, committed 142912K, reserved 1179648K
  class space    used 18498K, committed 19264K, reserved 1048576K
}
Event: 146.203 GC heap after
{Heap after GC invocations=67 (full 0):
 garbage-first heap   total 614400K, used 323750K [0x0000000700000000, 0x0000000800000000)
  region size 2048K, 1 young (2048K), 1 survivors (2048K)
 Metaspace       used 141267K, committed 142912K, reserved 1179648K
  class space    used 18498K, committed 19264K, reserved 1048576K
}
Event: 152.678 GC heap before
{Heap before GC invocations=68 (full 0):
 garbage-first heap   total 628736K, used 442534K [0x0000000700000000, 0x0000000800000000)
  region size 2048K, 75 young (153600K), 1 survivors (2048K)
 Metaspace       used 142355K, committed 144064K, reserved 1179648K
  class space    used 18632K, committed 19456K, reserved 1048576K
}
Event: 152.689 GC heap after
{Heap after GC invocations=69 (full 0):
 garbage-first heap   total 628736K, used 299872K [0x0000000700000000, 0x0000000800000000)
  region size 2048K, 5 young (10240K), 5 survivors (10240K)
 Metaspace       used 142355K, committed 144064K, reserved 1179648K
  class space    used 18632K, committed 19456K, reserved 1048576K
}
Event: 153.250 GC heap before
{Heap before GC invocations=69 (full 0):
 garbage-first heap   total 628736K, used 320352K [0x0000000700000000, 0x0000000800000000)
  region size 2048K, 15 young (30720K), 5 survivors (10240K)
 Metaspace       used 142355K, committed 144064K, reserved 1179648K
  class space    used 18632K, committed 19456K, reserved 1048576K
}
Event: 153.315 GC heap after
{Heap after GC invocations=70 (full 0):
 garbage-first heap   total 628736K, used 253614K [0x0000000700000000, 0x0000000800000000)
  region size 2048K, 2 young (4096K), 2 survivors (4096K)
 Metaspace       used 142355K, committed 144064K, reserved 1179648K
  class space    used 18632K, committed 19456K, reserved 1048576K
}
Event: 153.724 GC heap before
{Heap before GC invocations=70 (full 0):
 garbage-first heap   total 628736K, used 278190K [0x0000000700000000, 0x0000000800000000)
  region size 2048K, 15 young (30720K), 2 survivors (4096K)
 Metaspace       used 142723K, committed 144384K, reserved 1179648K
  class space    used 18673K, committed 19456K, reserved 1048576K
}
Event: 153.756 GC heap after
{Heap after GC invocations=71 (full 0):
 garbage-first heap   total 628736K, used 248767K [0x0000000700000000, 0x0000000800000000)
  region size 2048K, 2 young (4096K), 2 survivors (4096K)
 Metaspace       used 142723K, committed 144384K, reserved 1179648K
  class space    used 18673K, committed 19456K, reserved 1048576K
}
Event: 179.045 GC heap before
{Heap before GC invocations=71 (full 0):
 garbage-first heap   total 628736K, used 508863K [0x0000000700000000, 0x0000000800000000)
  region size 2048K, 125 young (256000K), 2 survivors (4096K)
 Metaspace       used 157270K, committed 159040K, reserved 1245184K
  class space    used 20425K, committed 21248K, reserved 1048576K
}
Event: 179.108 GC heap after
{Heap after GC invocations=72 (full 0):
 garbage-first heap   total 628736K, used 272043K [0x0000000700000000, 0x0000000800000000)
  region size 2048K, 12 young (24576K), 12 survivors (24576K)
 Metaspace       used 157270K, committed 159040K, reserved 1245184K
  class space    used 20425K, committed 21248K, reserved 1048576K
}
Event: 179.239 GC heap before
{Heap before GC invocations=72 (full 0):
 garbage-first heap   total 628736K, used 274091K [0x0000000700000000, 0x0000000800000000)
  region size 2048K, 14 young (28672K), 12 survivors (24576K)
 Metaspace       used 157522K, committed 159360K, reserved 1245184K
  class space    used 20448K, committed 21312K, reserved 1048576K
}
Event: 179.295 GC heap after
{Heap after GC invocations=73 (full 0):
 garbage-first heap   total 628736K, used 271106K [0x0000000700000000, 0x0000000800000000)
  region size 2048K, 2 young (4096K), 2 survivors (4096K)
 Metaspace       used 157522K, committed 159360K, reserved 1245184K
  class space    used 20448K, committed 21312K, reserved 1048576K
}
Event: 188.039 GC heap before
{Heap before GC invocations=74 (full 0):
 garbage-first heap   total 628736K, used 502530K [0x0000000700000000, 0x0000000800000000)
  region size 2048K, 109 young (223232K), 2 survivors (4096K)
 Metaspace       used 159156K, committed 161024K, reserved 1245184K
  class space    used 20552K, committed 21440K, reserved 1048576K
}
Event: 188.074 GC heap after
{Heap after GC invocations=75 (full 0):
 garbage-first heap   total 628736K, used 293654K [0x0000000700000000, 0x0000000800000000)
  region size 2048K, 11 young (22528K), 11 survivors (22528K)
 Metaspace       used 159156K, committed 161024K, reserved 1245184K
  class space    used 20552K, committed 21440K, reserved 1048576K
}
Event: 188.238 GC heap before
{Heap before GC invocations=75 (full 0):
 garbage-first heap   total 628736K, used 299798K [0x0000000700000000, 0x0000000800000000)
  region size 2048K, 15 young (30720K), 11 survivors (22528K)
 Metaspace       used 159169K, committed 161088K, reserved 1245184K
  class space    used 20552K, committed 21440K, reserved 1048576K
}
Event: 188.332 GC heap after
{Heap after GC invocations=76 (full 0):
 garbage-first heap   total 628736K, used 282232K [0x0000000700000000, 0x0000000800000000)
  region size 2048K, 2 young (4096K), 2 survivors (4096K)
 Metaspace       used 159169K, committed 161088K, reserved 1245184K
  class space    used 20552K, committed 21440K, reserved 1048576K
}

